2025-10-14 09:44:26,529 - werkzeug - ERROR - Error on request:
Traceback (most recent call last):
  File "/home/andrei/aMonitoringHub/backend/venv/lib/python3.12/site-packages/werkzeug/serving.py", line 334, in execute
    write(data)
  File "/home/andrei/aMonitoringHub/backend/venv/lib/python3.12/site-packages/werkzeug/serving.py", line 306, in write
    self.wfile.write(hex(len(data))[2:].encode())
  File "/usr/lib/python3.12/socketserver.py", line 840, in write
    self._sock.sendall(b)
BrokenPipeError: [Errno 32] Broken pipe

During handling of the above exception, another exception occurred:

Traceback (most recent call last):
  File "/home/andrei/aMonitoringHub/backend/venv/lib/python3.12/site-packages/werkzeug/serving.py", line 370, in run_wsgi
    execute(self.server.app)
  File "/home/andrei/aMonitoringHub/backend/venv/lib/python3.12/site-packages/werkzeug/serving.py", line 367, in execute
    application_iter.close()
  File "/home/andrei/aMonitoringHub/backend/venv/lib/python3.12/site-packages/werkzeug/wsgi.py", line 260, in close
    callback()
  File "/home/andrei/aMonitoringHub/backend/venv/lib/python3.12/site-packages/werkzeug/wrappers/response.py", line 403, in close
    self.response.close()
RuntimeError: generator ignored GeneratorExit
2025-10-14 09:44:26,531 - werkzeug - ERROR - Error on request:
Traceback (most recent call last):
  File "/home/andrei/aMonitoringHub/backend/venv/lib/python3.12/site-packages/werkzeug/serving.py", line 334, in execute
    write(data)
  File "/home/andrei/aMonitoringHub/backend/venv/lib/python3.12/site-packages/werkzeug/serving.py", line 306, in write
    self.wfile.write(hex(len(data))[2:].encode())
  File "/usr/lib/python3.12/socketserver.py", line 840, in write
    self._sock.sendall(b)
ConnectionResetError: [Errno 104] Connection reset by peer

During handling of the above exception, another exception occurred:

Traceback (most recent call last):
  File "/home/andrei/aMonitoringHub/backend/venv/lib/python3.12/site-packages/werkzeug/serving.py", line 370, in run_wsgi
    execute(self.server.app)
  File "/home/andrei/aMonitoringHub/backend/venv/lib/python3.12/site-packages/werkzeug/serving.py", line 367, in execute
    application_iter.close()
  File "/home/andrei/aMonitoringHub/backend/venv/lib/python3.12/site-packages/werkzeug/wsgi.py", line 260, in close
    callback()
  File "/home/andrei/aMonitoringHub/backend/venv/lib/python3.12/site-packages/werkzeug/wrappers/response.py", line 403, in close
    self.response.close()
RuntimeError: generator ignored GeneratorExit
2025-10-15 19:54:19,914 - __main__ - ERROR - Webcam capture failed: HTTPConnectionPool(host='192.168.50.3', port=80): Max retries exceeded with url: /snapshot (Caused by NewConnectionError('<urllib3.connection.HTTPConnection object at 0x779b8af42b10>: Failed to establish a new connection: [Errno 113] No route to host'))
2025-10-15 23:59:03,114 - __main__ - ERROR - Webcam capture failed: HTTPConnectionPool(host='192.168.50.3', port=80): Max retries exceeded with url: /snapshot (Caused by NewConnectionError('<urllib3.connection.HTTPConnection object at 0x779b980f65a0>: Failed to establish a new connection: [Errno 113] No route to host'))
2025-10-15 23:59:03,117 - __main__ - ERROR - OCR endpoint returned status 500
2025-10-16 08:37:56,810 - __main__ - ERROR - Webcam capture failed: HTTPConnectionPool(host='192.168.50.3', port=80): Max retries exceeded with url: /snapshot (Caused by NewConnectionError('<urllib3.connection.HTTPConnection object at 0x779b8ae2d1f0>: Failed to establish a new connection: [Errno 113] No route to host'))
2025-10-16 10:26:34,227 - werkzeug - ERROR - 100.97.174.49 - - [16/Oct/2025 10:26:34] code 400, message Bad request version ('ýp[\x1a\x98.å$\x00*ºº\x13\x02\x13\x03\x13\x01À,À+Ì©À0À/Ì¨À')
2025-10-16 10:26:34,415 - werkzeug - ERROR - 100.97.174.49 - - [16/Oct/2025 10:26:34] code 400, message Bad request syntax ('\x16\x03\x01\x05ø\x01\x00\x05ô\x03\x03\x19ª')
2025-10-16 10:26:34,599 - werkzeug - ERROR - 100.97.174.49 - - [16/Oct/2025 10:26:34] code 400, message Bad request version ('|Ó\x1a÷o(>¾WÚ\x9bÐ\x00*JJ\x13\x02\x13\x03\x13\x01À,À+Ì©À0À/Ì¨À')
2025-10-16 10:26:34,787 - werkzeug - ERROR - 100.97.174.49 - - [16/Oct/2025 10:26:34] code 400, message Bad HTTP/0.9 request type ('\x16\x03\x01\x05ø\x01\x00\x05ô\x03\x030[ÞZú¿ÉkYv6.\x95\x9fï\x86Nu7¬[&¨ô¼ê-Â°\x08Ï\x03')
2025-10-16 10:26:38,474 - __main__ - ERROR - Webcam capture failed: HTTPConnectionPool(host='192.168.50.3', port=80): Max retries exceeded with url: /snapshot (Caused by NewConnectionError('<urllib3.connection.HTTPConnection object at 0x779b8ae391f0>: Failed to establish a new connection: [Errno 113] No route to host'))
2025-10-16 10:44:26,634 - __main__ - ERROR - Webcam capture failed: HTTPConnectionPool(host='192.168.50.3', port=80): Max retries exceeded with url: /snapshot (Caused by NewConnectionError('<urllib3.connection.HTTPConnection object at 0x779b8ae63b60>: Failed to establish a new connection: [Errno 113] No route to host'))
2025-10-16 11:23:47,402 - __main__ - ERROR - Webcam capture failed: HTTPConnectionPool(host='192.168.50.3', port=80): Max retries exceeded with url: /snapshot (Caused by NewConnectionError('<urllib3.connection.HTTPConnection object at 0x779b8aee3620>: Failed to establish a new connection: [Errno 113] No route to host'))
2025-10-16 15:13:09,705 - __main__ - ERROR - Webcam capture failed: HTTPConnectionPool(host='192.168.50.3', port=80): Max retries exceeded with url: /snapshot (Caused by NewConnectionError('<urllib3.connection.HTTPConnection object at 0x779b8afda2d0>: Failed to establish a new connection: [Errno 113] No route to host'))
2025-10-16 15:31:02,071 - __main__ - ERROR - Webcam capture failed: HTTPConnectionPool(host='192.168.50.3', port=80): Max retries exceeded with url: /snapshot (Caused by NewConnectionError('<urllib3.connection.HTTPConnection object at 0x72e4b072c380>: Failed to establish a new connection: [Errno 113] No route to host'))
2025-10-16 15:31:10,534 - __main__ - ERROR - Webcam capture failed: HTTPConnectionPool(host='192.168.50.3', port=80): Max retries exceeded with url: /snapshot (Caused by NewConnectionError('<urllib3.connection.HTTPConnection object at 0x72e4b046deb0>: Failed to establish a new connection: [Errno 113] No route to host'))
2025-10-16 15:35:55,673 - __main__ - ERROR - USBJSONReader error: device reports readiness to read but returned no data (device disconnected or multiple access on port?)
2025-10-16 15:35:56,674 - __main__ - ERROR - USBJSONReader error: [Errno 2] could not open port /dev/ttyACM0: [Errno 2] No such file or directory: '/dev/ttyACM0'
2025-10-16 15:35:57,675 - __main__ - ERROR - USBJSONReader error: [Errno 2] could not open port /dev/ttyACM0: [Errno 2] No such file or directory: '/dev/ttyACM0'
2025-10-16 15:35:58,675 - __main__ - ERROR - USBJSONReader error: [Errno 2] could not open port /dev/ttyACM0: [Errno 2] No such file or directory: '/dev/ttyACM0'
2025-10-16 15:35:59,676 - __main__ - ERROR - USBJSONReader error: [Errno 2] could not open port /dev/ttyACM0: [Errno 2] No such file or directory: '/dev/ttyACM0'
2025-10-16 15:36:00,677 - __main__ - ERROR - USBJSONReader error: [Errno 2] could not open port /dev/ttyACM0: [Errno 2] No such file or directory: '/dev/ttyACM0'
2025-10-16 15:36:01,678 - __main__ - ERROR - USBJSONReader error: [Errno 2] could not open port /dev/ttyACM0: [Errno 2] No such file or directory: '/dev/ttyACM0'
2025-10-16 15:36:02,679 - __main__ - ERROR - USBJSONReader error: [Errno 2] could not open port /dev/ttyACM0: [Errno 2] No such file or directory: '/dev/ttyACM0'
2025-10-16 15:36:03,680 - __main__ - ERROR - USBJSONReader error: [Errno 2] could not open port /dev/ttyACM0: [Errno 2] No such file or directory: '/dev/ttyACM0'
2025-10-16 15:36:04,681 - __main__ - ERROR - USBJSONReader error: [Errno 2] could not open port /dev/ttyACM0: [Errno 2] No such file or directory: '/dev/ttyACM0'
2025-10-16 15:36:05,682 - __main__ - ERROR - USBJSONReader error: [Errno 2] could not open port /dev/ttyACM0: [Errno 2] No such file or directory: '/dev/ttyACM0'
2025-10-16 15:36:06,682 - __main__ - ERROR - USBJSONReader error: [Errno 2] could not open port /dev/ttyACM0: [Errno 2] No such file or directory: '/dev/ttyACM0'
2025-10-16 15:36:07,683 - __main__ - ERROR - USBJSONReader error: [Errno 2] could not open port /dev/ttyACM0: [Errno 2] No such file or directory: '/dev/ttyACM0'
2025-10-16 15:36:08,684 - __main__ - ERROR - USBJSONReader error: [Errno 2] could not open port /dev/ttyACM0: [Errno 2] No such file or directory: '/dev/ttyACM0'
2025-10-16 15:36:09,685 - __main__ - ERROR - USBJSONReader error: [Errno 2] could not open port /dev/ttyACM0: [Errno 2] No such file or directory: '/dev/ttyACM0'
2025-10-16 15:36:10,686 - __main__ - ERROR - USBJSONReader error: [Errno 2] could not open port /dev/ttyACM0: [Errno 2] No such file or directory: '/dev/ttyACM0'
2025-10-16 15:36:11,687 - __main__ - ERROR - USBJSONReader error: [Errno 2] could not open port /dev/ttyACM0: [Errno 2] No such file or directory: '/dev/ttyACM0'
2025-10-16 15:36:12,688 - __main__ - ERROR - USBJSONReader error: [Errno 2] could not open port /dev/ttyACM0: [Errno 2] No such file or directory: '/dev/ttyACM0'
2025-10-16 15:36:13,688 - __main__ - ERROR - USBJSONReader error: [Errno 2] could not open port /dev/ttyACM0: [Errno 2] No such file or directory: '/dev/ttyACM0'
2025-10-16 15:36:14,689 - __main__ - ERROR - USBJSONReader error: [Errno 2] could not open port /dev/ttyACM0: [Errno 2] No such file or directory: '/dev/ttyACM0'
2025-10-16 15:36:15,690 - __main__ - ERROR - USBJSONReader error: [Errno 2] could not open port /dev/ttyACM0: [Errno 2] No such file or directory: '/dev/ttyACM0'
2025-10-16 15:36:16,691 - __main__ - ERROR - USBJSONReader error: [Errno 2] could not open port /dev/ttyACM0: [Errno 2] No such file or directory: '/dev/ttyACM0'
2025-10-16 15:36:17,692 - __main__ - ERROR - USBJSONReader error: [Errno 2] could not open port /dev/ttyACM0: [Errno 2] No such file or directory: '/dev/ttyACM0'
2025-10-16 15:36:18,693 - __main__ - ERROR - USBJSONReader error: [Errno 2] could not open port /dev/ttyACM0: [Errno 2] No such file or directory: '/dev/ttyACM0'
2025-10-16 15:36:19,694 - __main__ - ERROR - USBJSONReader error: [Errno 2] could not open port /dev/ttyACM0: [Errno 2] No such file or directory: '/dev/ttyACM0'
2025-10-16 15:36:20,694 - __main__ - ERROR - USBJSONReader error: [Errno 2] could not open port /dev/ttyACM0: [Errno 2] No such file or directory: '/dev/ttyACM0'
2025-10-16 15:36:21,695 - __main__ - ERROR - USBJSONReader error: [Errno 2] could not open port /dev/ttyACM0: [Errno 2] No such file or directory: '/dev/ttyACM0'
2025-10-16 15:36:22,696 - __main__ - ERROR - USBJSONReader error: [Errno 2] could not open port /dev/ttyACM0: [Errno 2] No such file or directory: '/dev/ttyACM0'
2025-10-16 15:36:23,697 - __main__ - ERROR - USBJSONReader error: [Errno 2] could not open port /dev/ttyACM0: [Errno 2] No such file or directory: '/dev/ttyACM0'
2025-10-16 15:36:24,698 - __main__ - ERROR - USBJSONReader error: [Errno 2] could not open port /dev/ttyACM0: [Errno 2] No such file or directory: '/dev/ttyACM0'
2025-10-16 15:36:25,699 - __main__ - ERROR - USBJSONReader error: [Errno 2] could not open port /dev/ttyACM0: [Errno 2] No such file or directory: '/dev/ttyACM0'
2025-10-16 15:36:26,700 - __main__ - ERROR - USBJSONReader error: [Errno 2] could not open port /dev/ttyACM0: [Errno 2] No such file or directory: '/dev/ttyACM0'
2025-10-16 15:36:27,700 - __main__ - ERROR - USBJSONReader error: [Errno 2] could not open port /dev/ttyACM0: [Errno 2] No such file or directory: '/dev/ttyACM0'
2025-10-16 15:36:28,701 - __main__ - ERROR - USBJSONReader error: [Errno 2] could not open port /dev/ttyACM0: [Errno 2] No such file or directory: '/dev/ttyACM0'
2025-10-16 15:36:29,702 - __main__ - ERROR - USBJSONReader error: [Errno 2] could not open port /dev/ttyACM0: [Errno 2] No such file or directory: '/dev/ttyACM0'
2025-10-16 15:36:30,703 - __main__ - ERROR - USBJSONReader error: [Errno 2] could not open port /dev/ttyACM0: [Errno 2] No such file or directory: '/dev/ttyACM0'
2025-10-16 15:36:31,704 - __main__ - ERROR - USBJSONReader error: [Errno 2] could not open port /dev/ttyACM0: [Errno 2] No such file or directory: '/dev/ttyACM0'
2025-10-16 15:36:32,705 - __main__ - ERROR - USBJSONReader error: [Errno 2] could not open port /dev/ttyACM0: [Errno 2] No such file or directory: '/dev/ttyACM0'
2025-10-16 15:36:33,706 - __main__ - ERROR - USBJSONReader error: [Errno 2] could not open port /dev/ttyACM0: [Errno 2] No such file or directory: '/dev/ttyACM0'
2025-10-16 15:36:34,707 - __main__ - ERROR - USBJSONReader error: [Errno 2] could not open port /dev/ttyACM0: [Errno 2] No such file or directory: '/dev/ttyACM0'
2025-10-16 15:36:35,708 - __main__ - ERROR - USBJSONReader error: [Errno 2] could not open port /dev/ttyACM0: [Errno 2] No such file or directory: '/dev/ttyACM0'
2025-10-16 15:36:36,709 - __main__ - ERROR - USBJSONReader error: [Errno 2] could not open port /dev/ttyACM0: [Errno 2] No such file or directory: '/dev/ttyACM0'
2025-10-16 15:36:37,710 - __main__ - ERROR - USBJSONReader error: [Errno 2] could not open port /dev/ttyACM0: [Errno 2] No such file or directory: '/dev/ttyACM0'
2025-10-16 15:36:38,711 - __main__ - ERROR - USBJSONReader error: [Errno 2] could not open port /dev/ttyACM0: [Errno 2] No such file or directory: '/dev/ttyACM0'
2025-10-16 15:36:39,711 - __main__ - ERROR - USBJSONReader error: [Errno 2] could not open port /dev/ttyACM0: [Errno 2] No such file or directory: '/dev/ttyACM0'
2025-10-16 15:36:40,712 - __main__ - ERROR - USBJSONReader error: [Errno 2] could not open port /dev/ttyACM0: [Errno 2] No such file or directory: '/dev/ttyACM0'
2025-10-16 15:36:41,713 - __main__ - ERROR - USBJSONReader error: [Errno 2] could not open port /dev/ttyACM0: [Errno 2] No such file or directory: '/dev/ttyACM0'
2025-10-16 15:36:42,714 - __main__ - ERROR - USBJSONReader error: [Errno 2] could not open port /dev/ttyACM0: [Errno 2] No such file or directory: '/dev/ttyACM0'
2025-10-16 15:36:43,715 - __main__ - ERROR - USBJSONReader error: [Errno 2] could not open port /dev/ttyACM0: [Errno 2] No such file or directory: '/dev/ttyACM0'
2025-10-16 15:36:44,716 - __main__ - ERROR - USBJSONReader error: [Errno 2] could not open port /dev/ttyACM0: [Errno 2] No such file or directory: '/dev/ttyACM0'
2025-10-16 15:36:45,717 - __main__ - ERROR - USBJSONReader error: [Errno 2] could not open port /dev/ttyACM0: [Errno 2] No such file or directory: '/dev/ttyACM0'
2025-10-16 15:36:46,718 - __main__ - ERROR - USBJSONReader error: [Errno 2] could not open port /dev/ttyACM0: [Errno 2] No such file or directory: '/dev/ttyACM0'
2025-10-16 15:36:47,719 - __main__ - ERROR - USBJSONReader error: [Errno 2] could not open port /dev/ttyACM0: [Errno 2] No such file or directory: '/dev/ttyACM0'
2025-10-16 15:36:48,719 - __main__ - ERROR - USBJSONReader error: [Errno 2] could not open port /dev/ttyACM0: [Errno 2] No such file or directory: '/dev/ttyACM0'
2025-10-16 15:36:49,720 - __main__ - ERROR - USBJSONReader error: [Errno 2] could not open port /dev/ttyACM0: [Errno 2] No such file or directory: '/dev/ttyACM0'
2025-10-16 15:36:50,721 - __main__ - ERROR - USBJSONReader error: [Errno 2] could not open port /dev/ttyACM0: [Errno 2] No such file or directory: '/dev/ttyACM0'
2025-10-16 15:36:51,722 - __main__ - ERROR - USBJSONReader error: [Errno 2] could not open port /dev/ttyACM0: [Errno 2] No such file or directory: '/dev/ttyACM0'
2025-10-16 15:36:52,723 - __main__ - ERROR - USBJSONReader error: [Errno 2] could not open port /dev/ttyACM0: [Errno 2] No such file or directory: '/dev/ttyACM0'
2025-10-16 15:36:53,724 - __main__ - ERROR - USBJSONReader error: [Errno 2] could not open port /dev/ttyACM0: [Errno 2] No such file or directory: '/dev/ttyACM0'
2025-10-16 15:36:54,725 - __main__ - ERROR - USBJSONReader error: [Errno 2] could not open port /dev/ttyACM0: [Errno 2] No such file or directory: '/dev/ttyACM0'
2025-10-16 15:36:55,725 - __main__ - ERROR - USBJSONReader error: [Errno 2] could not open port /dev/ttyACM0: [Errno 2] No such file or directory: '/dev/ttyACM0'
2025-10-16 15:36:56,726 - __main__ - ERROR - USBJSONReader error: [Errno 2] could not open port /dev/ttyACM0: [Errno 2] No such file or directory: '/dev/ttyACM0'
2025-10-16 15:36:57,727 - __main__ - ERROR - USBJSONReader error: [Errno 2] could not open port /dev/ttyACM0: [Errno 2] No such file or directory: '/dev/ttyACM0'
2025-10-16 15:36:58,728 - __main__ - ERROR - USBJSONReader error: [Errno 2] could not open port /dev/ttyACM0: [Errno 2] No such file or directory: '/dev/ttyACM0'
2025-10-16 15:36:59,729 - __main__ - ERROR - USBJSONReader error: [Errno 2] could not open port /dev/ttyACM0: [Errno 2] No such file or directory: '/dev/ttyACM0'
2025-10-16 15:37:00,730 - __main__ - ERROR - USBJSONReader error: [Errno 2] could not open port /dev/ttyACM0: [Errno 2] No such file or directory: '/dev/ttyACM0'
2025-10-16 15:37:01,731 - __main__ - ERROR - USBJSONReader error: [Errno 2] could not open port /dev/ttyACM0: [Errno 2] No such file or directory: '/dev/ttyACM0'
2025-10-16 15:37:02,731 - __main__ - ERROR - USBJSONReader error: [Errno 2] could not open port /dev/ttyACM0: [Errno 2] No such file or directory: '/dev/ttyACM0'
2025-10-16 15:37:03,732 - __main__ - ERROR - USBJSONReader error: [Errno 2] could not open port /dev/ttyACM0: [Errno 2] No such file or directory: '/dev/ttyACM0'
2025-10-16 15:37:04,733 - __main__ - ERROR - USBJSONReader error: [Errno 2] could not open port /dev/ttyACM0: [Errno 2] No such file or directory: '/dev/ttyACM0'
2025-10-16 15:37:05,734 - __main__ - ERROR - USBJSONReader error: [Errno 2] could not open port /dev/ttyACM0: [Errno 2] No such file or directory: '/dev/ttyACM0'
2025-10-16 15:37:06,735 - __main__ - ERROR - USBJSONReader error: [Errno 2] could not open port /dev/ttyACM0: [Errno 2] No such file or directory: '/dev/ttyACM0'
2025-10-16 15:37:07,736 - __main__ - ERROR - USBJSONReader error: [Errno 2] could not open port /dev/ttyACM0: [Errno 2] No such file or directory: '/dev/ttyACM0'
2025-10-16 15:37:08,737 - __main__ - ERROR - USBJSONReader error: [Errno 2] could not open port /dev/ttyACM0: [Errno 2] No such file or directory: '/dev/ttyACM0'
2025-10-16 15:37:09,737 - __main__ - ERROR - USBJSONReader error: [Errno 2] could not open port /dev/ttyACM0: [Errno 2] No such file or directory: '/dev/ttyACM0'
2025-10-16 15:37:10,738 - __main__ - ERROR - USBJSONReader error: [Errno 2] could not open port /dev/ttyACM0: [Errno 2] No such file or directory: '/dev/ttyACM0'
2025-10-16 15:37:11,739 - __main__ - ERROR - USBJSONReader error: [Errno 2] could not open port /dev/ttyACM0: [Errno 2] No such file or directory: '/dev/ttyACM0'
2025-10-16 15:37:12,740 - __main__ - ERROR - USBJSONReader error: [Errno 2] could not open port /dev/ttyACM0: [Errno 2] No such file or directory: '/dev/ttyACM0'
2025-10-16 15:37:13,741 - __main__ - ERROR - USBJSONReader error: [Errno 2] could not open port /dev/ttyACM0: [Errno 2] No such file or directory: '/dev/ttyACM0'
2025-10-16 15:37:14,742 - __main__ - ERROR - USBJSONReader error: [Errno 2] could not open port /dev/ttyACM0: [Errno 2] No such file or directory: '/dev/ttyACM0'
2025-10-16 15:37:15,743 - __main__ - ERROR - USBJSONReader error: [Errno 2] could not open port /dev/ttyACM0: [Errno 2] No such file or directory: '/dev/ttyACM0'
2025-10-16 15:37:16,744 - __main__ - ERROR - USBJSONReader error: [Errno 2] could not open port /dev/ttyACM0: [Errno 2] No such file or directory: '/dev/ttyACM0'
2025-10-16 15:37:17,745 - __main__ - ERROR - USBJSONReader error: [Errno 2] could not open port /dev/ttyACM0: [Errno 2] No such file or directory: '/dev/ttyACM0'
2025-10-16 15:37:18,746 - __main__ - ERROR - USBJSONReader error: [Errno 2] could not open port /dev/ttyACM0: [Errno 2] No such file or directory: '/dev/ttyACM0'
2025-10-16 15:37:19,747 - __main__ - ERROR - USBJSONReader error: [Errno 2] could not open port /dev/ttyACM0: [Errno 2] No such file or directory: '/dev/ttyACM0'
2025-10-16 15:37:20,748 - __main__ - ERROR - USBJSONReader error: [Errno 2] could not open port /dev/ttyACM0: [Errno 2] No such file or directory: '/dev/ttyACM0'
2025-10-16 15:37:21,749 - __main__ - ERROR - USBJSONReader error: [Errno 2] could not open port /dev/ttyACM0: [Errno 2] No such file or directory: '/dev/ttyACM0'
2025-10-16 15:37:22,750 - __main__ - ERROR - USBJSONReader error: [Errno 2] could not open port /dev/ttyACM0: [Errno 2] No such file or directory: '/dev/ttyACM0'
2025-10-16 15:37:23,751 - __main__ - ERROR - USBJSONReader error: [Errno 2] could not open port /dev/ttyACM0: [Errno 2] No such file or directory: '/dev/ttyACM0'
2025-10-16 15:37:24,752 - __main__ - ERROR - USBJSONReader error: [Errno 2] could not open port /dev/ttyACM0: [Errno 2] No such file or directory: '/dev/ttyACM0'
2025-10-16 15:37:25,753 - __main__ - ERROR - USBJSONReader error: [Errno 2] could not open port /dev/ttyACM0: [Errno 2] No such file or directory: '/dev/ttyACM0'
2025-10-16 15:37:26,754 - __main__ - ERROR - USBJSONReader error: [Errno 2] could not open port /dev/ttyACM0: [Errno 2] No such file or directory: '/dev/ttyACM0'
2025-10-16 15:37:27,755 - __main__ - ERROR - USBJSONReader error: [Errno 2] could not open port /dev/ttyACM0: [Errno 2] No such file or directory: '/dev/ttyACM0'
2025-10-16 15:37:28,756 - __main__ - ERROR - USBJSONReader error: [Errno 2] could not open port /dev/ttyACM0: [Errno 2] No such file or directory: '/dev/ttyACM0'
2025-10-16 15:37:29,757 - __main__ - ERROR - USBJSONReader error: [Errno 2] could not open port /dev/ttyACM0: [Errno 2] No such file or directory: '/dev/ttyACM0'
2025-10-16 15:37:30,758 - __main__ - ERROR - USBJSONReader error: [Errno 2] could not open port /dev/ttyACM0: [Errno 2] No such file or directory: '/dev/ttyACM0'
2025-10-16 15:37:31,759 - __main__ - ERROR - USBJSONReader error: [Errno 2] could not open port /dev/ttyACM0: [Errno 2] No such file or directory: '/dev/ttyACM0'
2025-10-16 15:37:32,760 - __main__ - ERROR - USBJSONReader error: [Errno 2] could not open port /dev/ttyACM0: [Errno 2] No such file or directory: '/dev/ttyACM0'
2025-10-16 15:37:33,761 - __main__ - ERROR - USBJSONReader error: [Errno 2] could not open port /dev/ttyACM0: [Errno 2] No such file or directory: '/dev/ttyACM0'
2025-10-16 15:37:34,762 - __main__ - ERROR - USBJSONReader error: [Errno 2] could not open port /dev/ttyACM0: [Errno 2] No such file or directory: '/dev/ttyACM0'
2025-10-16 15:37:35,763 - __main__ - ERROR - USBJSONReader error: [Errno 2] could not open port /dev/ttyACM0: [Errno 2] No such file or directory: '/dev/ttyACM0'
2025-10-16 15:37:36,763 - __main__ - ERROR - USBJSONReader error: [Errno 2] could not open port /dev/ttyACM0: [Errno 2] No such file or directory: '/dev/ttyACM0'
2025-10-16 15:37:37,764 - __main__ - ERROR - USBJSONReader error: [Errno 2] could not open port /dev/ttyACM0: [Errno 2] No such file or directory: '/dev/ttyACM0'
2025-10-16 15:37:38,766 - __main__ - ERROR - USBJSONReader error: [Errno 2] could not open port /dev/ttyACM0: [Errno 2] No such file or directory: '/dev/ttyACM0'
2025-10-16 15:37:39,767 - __main__ - ERROR - USBJSONReader error: [Errno 2] could not open port /dev/ttyACM0: [Errno 2] No such file or directory: '/dev/ttyACM0'
2025-10-16 15:37:40,768 - __main__ - ERROR - USBJSONReader error: [Errno 2] could not open port /dev/ttyACM0: [Errno 2] No such file or directory: '/dev/ttyACM0'
2025-10-16 15:37:41,769 - __main__ - ERROR - USBJSONReader error: [Errno 2] could not open port /dev/ttyACM0: [Errno 2] No such file or directory: '/dev/ttyACM0'
2025-10-16 15:37:42,769 - __main__ - ERROR - USBJSONReader error: [Errno 2] could not open port /dev/ttyACM0: [Errno 2] No such file or directory: '/dev/ttyACM0'
2025-10-16 15:37:43,771 - __main__ - ERROR - USBJSONReader error: [Errno 2] could not open port /dev/ttyACM0: [Errno 2] No such file or directory: '/dev/ttyACM0'
2025-10-16 15:37:44,772 - __main__ - ERROR - USBJSONReader error: [Errno 2] could not open port /dev/ttyACM0: [Errno 2] No such file or directory: '/dev/ttyACM0'
2025-10-16 15:37:45,772 - __main__ - ERROR - USBJSONReader error: [Errno 2] could not open port /dev/ttyACM0: [Errno 2] No such file or directory: '/dev/ttyACM0'
2025-10-16 15:37:46,773 - __main__ - ERROR - USBJSONReader error: [Errno 2] could not open port /dev/ttyACM0: [Errno 2] No such file or directory: '/dev/ttyACM0'
2025-10-16 15:37:47,773 - __main__ - ERROR - USBJSONReader error: [Errno 2] could not open port /dev/ttyACM0: [Errno 2] No such file or directory: '/dev/ttyACM0'
2025-10-16 15:37:48,775 - __main__ - ERROR - USBJSONReader error: [Errno 2] could not open port /dev/ttyACM0: [Errno 2] No such file or directory: '/dev/ttyACM0'
2025-10-16 15:37:49,775 - __main__ - ERROR - USBJSONReader error: [Errno 2] could not open port /dev/ttyACM0: [Errno 2] No such file or directory: '/dev/ttyACM0'
2025-10-16 15:37:50,776 - __main__ - ERROR - USBJSONReader error: [Errno 2] could not open port /dev/ttyACM0: [Errno 2] No such file or directory: '/dev/ttyACM0'
2025-10-16 15:37:51,777 - __main__ - ERROR - USBJSONReader error: [Errno 2] could not open port /dev/ttyACM0: [Errno 2] No such file or directory: '/dev/ttyACM0'
2025-10-16 15:37:52,777 - __main__ - ERROR - USBJSONReader error: [Errno 2] could not open port /dev/ttyACM0: [Errno 2] No such file or directory: '/dev/ttyACM0'
2025-10-16 15:37:53,779 - __main__ - ERROR - USBJSONReader error: [Errno 2] could not open port /dev/ttyACM0: [Errno 2] No such file or directory: '/dev/ttyACM0'
2025-10-16 15:37:54,779 - __main__ - ERROR - USBJSONReader error: [Errno 2] could not open port /dev/ttyACM0: [Errno 2] No such file or directory: '/dev/ttyACM0'
2025-10-16 15:37:55,780 - __main__ - ERROR - USBJSONReader error: [Errno 2] could not open port /dev/ttyACM0: [Errno 2] No such file or directory: '/dev/ttyACM0'
2025-10-16 15:37:56,781 - __main__ - ERROR - USBJSONReader error: [Errno 2] could not open port /dev/ttyACM0: [Errno 2] No such file or directory: '/dev/ttyACM0'
2025-10-16 15:37:57,782 - __main__ - ERROR - USBJSONReader error: [Errno 2] could not open port /dev/ttyACM0: [Errno 2] No such file or directory: '/dev/ttyACM0'
2025-10-16 15:37:58,783 - __main__ - ERROR - USBJSONReader error: [Errno 2] could not open port /dev/ttyACM0: [Errno 2] No such file or directory: '/dev/ttyACM0'
2025-10-16 15:37:59,784 - __main__ - ERROR - USBJSONReader error: [Errno 2] could not open port /dev/ttyACM0: [Errno 2] No such file or directory: '/dev/ttyACM0'
2025-10-16 15:38:00,785 - __main__ - ERROR - USBJSONReader error: [Errno 2] could not open port /dev/ttyACM0: [Errno 2] No such file or directory: '/dev/ttyACM0'
2025-10-16 15:38:01,785 - __main__ - ERROR - USBJSONReader error: [Errno 2] could not open port /dev/ttyACM0: [Errno 2] No such file or directory: '/dev/ttyACM0'
2025-10-16 15:38:02,786 - __main__ - ERROR - USBJSONReader error: [Errno 2] could not open port /dev/ttyACM0: [Errno 2] No such file or directory: '/dev/ttyACM0'
2025-10-16 15:38:03,788 - __main__ - ERROR - USBJSONReader error: [Errno 2] could not open port /dev/ttyACM0: [Errno 2] No such file or directory: '/dev/ttyACM0'
2025-10-16 15:38:04,789 - __main__ - ERROR - USBJSONReader error: [Errno 2] could not open port /dev/ttyACM0: [Errno 2] No such file or directory: '/dev/ttyACM0'
2025-10-16 15:38:05,789 - __main__ - ERROR - USBJSONReader error: [Errno 2] could not open port /dev/ttyACM0: [Errno 2] No such file or directory: '/dev/ttyACM0'
2025-10-16 15:38:06,790 - __main__ - ERROR - USBJSONReader error: [Errno 2] could not open port /dev/ttyACM0: [Errno 2] No such file or directory: '/dev/ttyACM0'
2025-10-16 15:38:07,791 - __main__ - ERROR - USBJSONReader error: [Errno 2] could not open port /dev/ttyACM0: [Errno 2] No such file or directory: '/dev/ttyACM0'
2025-10-16 15:38:08,792 - __main__ - ERROR - USBJSONReader error: [Errno 2] could not open port /dev/ttyACM0: [Errno 2] No such file or directory: '/dev/ttyACM0'
2025-10-16 15:38:09,793 - __main__ - ERROR - USBJSONReader error: [Errno 2] could not open port /dev/ttyACM0: [Errno 2] No such file or directory: '/dev/ttyACM0'
2025-10-16 15:38:10,794 - __main__ - ERROR - USBJSONReader error: [Errno 2] could not open port /dev/ttyACM0: [Errno 2] No such file or directory: '/dev/ttyACM0'
2025-10-16 15:38:11,795 - __main__ - ERROR - USBJSONReader error: [Errno 2] could not open port /dev/ttyACM0: [Errno 2] No such file or directory: '/dev/ttyACM0'
2025-10-16 15:38:12,796 - __main__ - ERROR - USBJSONReader error: [Errno 2] could not open port /dev/ttyACM0: [Errno 2] No such file or directory: '/dev/ttyACM0'
2025-10-16 15:38:13,797 - __main__ - ERROR - USBJSONReader error: [Errno 2] could not open port /dev/ttyACM0: [Errno 2] No such file or directory: '/dev/ttyACM0'
2025-10-16 15:38:14,797 - __main__ - ERROR - USBJSONReader error: [Errno 2] could not open port /dev/ttyACM0: [Errno 2] No such file or directory: '/dev/ttyACM0'
2025-10-16 15:38:15,798 - __main__ - ERROR - USBJSONReader error: [Errno 2] could not open port /dev/ttyACM0: [Errno 2] No such file or directory: '/dev/ttyACM0'
2025-10-16 15:38:16,799 - __main__ - ERROR - USBJSONReader error: [Errno 2] could not open port /dev/ttyACM0: [Errno 2] No such file or directory: '/dev/ttyACM0'
2025-10-16 15:38:17,800 - __main__ - ERROR - USBJSONReader error: [Errno 2] could not open port /dev/ttyACM0: [Errno 2] No such file or directory: '/dev/ttyACM0'
2025-10-16 15:38:18,801 - __main__ - ERROR - USBJSONReader error: [Errno 2] could not open port /dev/ttyACM0: [Errno 2] No such file or directory: '/dev/ttyACM0'
2025-10-16 15:38:19,802 - __main__ - ERROR - USBJSONReader error: [Errno 2] could not open port /dev/ttyACM0: [Errno 2] No such file or directory: '/dev/ttyACM0'
2025-10-16 15:38:20,803 - __main__ - ERROR - USBJSONReader error: [Errno 2] could not open port /dev/ttyACM0: [Errno 2] No such file or directory: '/dev/ttyACM0'
2025-10-16 15:38:21,803 - __main__ - ERROR - USBJSONReader error: [Errno 2] could not open port /dev/ttyACM0: [Errno 2] No such file or directory: '/dev/ttyACM0'
2025-10-16 15:38:22,804 - __main__ - ERROR - USBJSONReader error: [Errno 2] could not open port /dev/ttyACM0: [Errno 2] No such file or directory: '/dev/ttyACM0'
2025-10-16 15:38:23,805 - __main__ - ERROR - USBJSONReader error: [Errno 2] could not open port /dev/ttyACM0: [Errno 2] No such file or directory: '/dev/ttyACM0'
2025-10-16 15:38:24,806 - __main__ - ERROR - USBJSONReader error: [Errno 2] could not open port /dev/ttyACM0: [Errno 2] No such file or directory: '/dev/ttyACM0'
2025-10-16 15:38:25,807 - __main__ - ERROR - USBJSONReader error: [Errno 2] could not open port /dev/ttyACM0: [Errno 2] No such file or directory: '/dev/ttyACM0'
2025-10-16 15:38:26,808 - __main__ - ERROR - USBJSONReader error: [Errno 2] could not open port /dev/ttyACM0: [Errno 2] No such file or directory: '/dev/ttyACM0'
2025-10-16 15:38:27,809 - __main__ - ERROR - USBJSONReader error: [Errno 2] could not open port /dev/ttyACM0: [Errno 2] No such file or directory: '/dev/ttyACM0'
2025-10-16 15:38:28,810 - __main__ - ERROR - USBJSONReader error: [Errno 2] could not open port /dev/ttyACM0: [Errno 2] No such file or directory: '/dev/ttyACM0'
2025-10-16 15:38:29,810 - __main__ - ERROR - USBJSONReader error: [Errno 2] could not open port /dev/ttyACM0: [Errno 2] No such file or directory: '/dev/ttyACM0'
2025-10-16 15:38:30,811 - __main__ - ERROR - USBJSONReader error: [Errno 2] could not open port /dev/ttyACM0: [Errno 2] No such file or directory: '/dev/ttyACM0'
2025-10-16 15:38:31,812 - __main__ - ERROR - USBJSONReader error: [Errno 2] could not open port /dev/ttyACM0: [Errno 2] No such file or directory: '/dev/ttyACM0'
2025-10-16 15:38:32,813 - __main__ - ERROR - USBJSONReader error: [Errno 2] could not open port /dev/ttyACM0: [Errno 2] No such file or directory: '/dev/ttyACM0'
2025-10-16 15:38:33,814 - __main__ - ERROR - USBJSONReader error: [Errno 2] could not open port /dev/ttyACM0: [Errno 2] No such file or directory: '/dev/ttyACM0'
2025-10-16 15:38:34,815 - __main__ - ERROR - USBJSONReader error: [Errno 2] could not open port /dev/ttyACM0: [Errno 2] No such file or directory: '/dev/ttyACM0'
2025-10-16 15:38:35,816 - __main__ - ERROR - USBJSONReader error: [Errno 2] could not open port /dev/ttyACM0: [Errno 2] No such file or directory: '/dev/ttyACM0'
2025-10-16 15:38:36,817 - __main__ - ERROR - USBJSONReader error: [Errno 2] could not open port /dev/ttyACM0: [Errno 2] No such file or directory: '/dev/ttyACM0'
2025-10-16 15:38:37,817 - __main__ - ERROR - USBJSONReader error: [Errno 2] could not open port /dev/ttyACM0: [Errno 2] No such file or directory: '/dev/ttyACM0'
2025-10-16 15:38:38,818 - __main__ - ERROR - USBJSONReader error: [Errno 2] could not open port /dev/ttyACM0: [Errno 2] No such file or directory: '/dev/ttyACM0'
2025-10-16 15:38:39,819 - __main__ - ERROR - USBJSONReader error: [Errno 2] could not open port /dev/ttyACM0: [Errno 2] No such file or directory: '/dev/ttyACM0'
2025-10-16 15:38:40,820 - __main__ - ERROR - USBJSONReader error: [Errno 2] could not open port /dev/ttyACM0: [Errno 2] No such file or directory: '/dev/ttyACM0'
2025-10-16 15:38:41,821 - __main__ - ERROR - USBJSONReader error: [Errno 2] could not open port /dev/ttyACM0: [Errno 2] No such file or directory: '/dev/ttyACM0'
2025-10-16 15:38:42,822 - __main__ - ERROR - USBJSONReader error: [Errno 2] could not open port /dev/ttyACM0: [Errno 2] No such file or directory: '/dev/ttyACM0'
2025-10-16 15:38:43,823 - __main__ - ERROR - USBJSONReader error: [Errno 2] could not open port /dev/ttyACM0: [Errno 2] No such file or directory: '/dev/ttyACM0'
2025-10-16 15:38:44,824 - __main__ - ERROR - USBJSONReader error: [Errno 2] could not open port /dev/ttyACM0: [Errno 2] No such file or directory: '/dev/ttyACM0'
2025-10-16 15:38:45,824 - __main__ - ERROR - USBJSONReader error: [Errno 2] could not open port /dev/ttyACM0: [Errno 2] No such file or directory: '/dev/ttyACM0'
2025-10-16 15:38:46,825 - __main__ - ERROR - USBJSONReader error: [Errno 2] could not open port /dev/ttyACM0: [Errno 2] No such file or directory: '/dev/ttyACM0'
2025-10-16 15:38:47,826 - __main__ - ERROR - USBJSONReader error: [Errno 2] could not open port /dev/ttyACM0: [Errno 2] No such file or directory: '/dev/ttyACM0'
2025-10-16 15:38:48,827 - __main__ - ERROR - USBJSONReader error: [Errno 2] could not open port /dev/ttyACM0: [Errno 2] No such file or directory: '/dev/ttyACM0'
2025-10-16 15:38:49,828 - __main__ - ERROR - USBJSONReader error: [Errno 2] could not open port /dev/ttyACM0: [Errno 2] No such file or directory: '/dev/ttyACM0'
2025-10-16 15:38:50,829 - __main__ - ERROR - USBJSONReader error: [Errno 2] could not open port /dev/ttyACM0: [Errno 2] No such file or directory: '/dev/ttyACM0'
2025-10-16 15:38:51,830 - __main__ - ERROR - USBJSONReader error: [Errno 2] could not open port /dev/ttyACM0: [Errno 2] No such file or directory: '/dev/ttyACM0'
2025-10-16 15:38:52,831 - __main__ - ERROR - USBJSONReader error: [Errno 2] could not open port /dev/ttyACM0: [Errno 2] No such file or directory: '/dev/ttyACM0'
2025-10-16 15:38:53,831 - __main__ - ERROR - USBJSONReader error: [Errno 2] could not open port /dev/ttyACM0: [Errno 2] No such file or directory: '/dev/ttyACM0'
2025-10-16 15:38:54,832 - __main__ - ERROR - USBJSONReader error: [Errno 2] could not open port /dev/ttyACM0: [Errno 2] No such file or directory: '/dev/ttyACM0'
2025-10-16 15:38:55,833 - __main__ - ERROR - USBJSONReader error: [Errno 2] could not open port /dev/ttyACM0: [Errno 2] No such file or directory: '/dev/ttyACM0'
2025-10-16 15:38:56,834 - __main__ - ERROR - USBJSONReader error: [Errno 2] could not open port /dev/ttyACM0: [Errno 2] No such file or directory: '/dev/ttyACM0'
2025-10-16 15:38:57,835 - __main__ - ERROR - USBJSONReader error: [Errno 2] could not open port /dev/ttyACM0: [Errno 2] No such file or directory: '/dev/ttyACM0'
2025-10-16 15:38:58,836 - __main__ - ERROR - USBJSONReader error: [Errno 2] could not open port /dev/ttyACM0: [Errno 2] No such file or directory: '/dev/ttyACM0'
2025-10-16 15:38:59,837 - __main__ - ERROR - USBJSONReader error: [Errno 2] could not open port /dev/ttyACM0: [Errno 2] No such file or directory: '/dev/ttyACM0'
2025-10-16 15:39:00,838 - __main__ - ERROR - USBJSONReader error: [Errno 2] could not open port /dev/ttyACM0: [Errno 2] No such file or directory: '/dev/ttyACM0'
2025-10-16 15:39:01,838 - __main__ - ERROR - USBJSONReader error: [Errno 2] could not open port /dev/ttyACM0: [Errno 2] No such file or directory: '/dev/ttyACM0'
2025-10-16 15:39:02,839 - __main__ - ERROR - USBJSONReader error: [Errno 2] could not open port /dev/ttyACM0: [Errno 2] No such file or directory: '/dev/ttyACM0'
2025-10-16 15:39:03,840 - __main__ - ERROR - USBJSONReader error: [Errno 2] could not open port /dev/ttyACM0: [Errno 2] No such file or directory: '/dev/ttyACM0'
2025-10-16 15:39:04,841 - __main__ - ERROR - USBJSONReader error: [Errno 2] could not open port /dev/ttyACM0: [Errno 2] No such file or directory: '/dev/ttyACM0'
2025-10-16 15:39:05,842 - __main__ - ERROR - USBJSONReader error: [Errno 2] could not open port /dev/ttyACM0: [Errno 2] No such file or directory: '/dev/ttyACM0'
2025-10-16 15:39:06,843 - __main__ - ERROR - USBJSONReader error: [Errno 2] could not open port /dev/ttyACM0: [Errno 2] No such file or directory: '/dev/ttyACM0'
2025-10-16 15:39:07,844 - __main__ - ERROR - USBJSONReader error: [Errno 2] could not open port /dev/ttyACM0: [Errno 2] No such file or directory: '/dev/ttyACM0'
2025-10-16 15:39:08,844 - __main__ - ERROR - USBJSONReader error: [Errno 2] could not open port /dev/ttyACM0: [Errno 2] No such file or directory: '/dev/ttyACM0'
2025-10-16 15:39:09,845 - __main__ - ERROR - USBJSONReader error: [Errno 2] could not open port /dev/ttyACM0: [Errno 2] No such file or directory: '/dev/ttyACM0'
2025-10-16 15:39:10,846 - __main__ - ERROR - USBJSONReader error: [Errno 2] could not open port /dev/ttyACM0: [Errno 2] No such file or directory: '/dev/ttyACM0'
2025-10-16 15:39:11,847 - __main__ - ERROR - USBJSONReader error: [Errno 2] could not open port /dev/ttyACM0: [Errno 2] No such file or directory: '/dev/ttyACM0'
2025-10-16 15:39:12,848 - __main__ - ERROR - USBJSONReader error: [Errno 2] could not open port /dev/ttyACM0: [Errno 2] No such file or directory: '/dev/ttyACM0'
2025-10-16 15:39:13,849 - __main__ - ERROR - USBJSONReader error: [Errno 2] could not open port /dev/ttyACM0: [Errno 2] No such file or directory: '/dev/ttyACM0'
2025-10-16 15:39:14,850 - __main__ - ERROR - USBJSONReader error: [Errno 2] could not open port /dev/ttyACM0: [Errno 2] No such file or directory: '/dev/ttyACM0'
2025-10-16 15:39:15,851 - __main__ - ERROR - USBJSONReader error: [Errno 2] could not open port /dev/ttyACM0: [Errno 2] No such file or directory: '/dev/ttyACM0'
2025-10-16 15:39:16,852 - __main__ - ERROR - USBJSONReader error: [Errno 2] could not open port /dev/ttyACM0: [Errno 2] No such file or directory: '/dev/ttyACM0'
2025-10-16 15:39:17,853 - __main__ - ERROR - USBJSONReader error: [Errno 2] could not open port /dev/ttyACM0: [Errno 2] No such file or directory: '/dev/ttyACM0'
2025-10-16 15:39:18,853 - __main__ - ERROR - USBJSONReader error: [Errno 2] could not open port /dev/ttyACM0: [Errno 2] No such file or directory: '/dev/ttyACM0'
2025-10-16 15:39:19,854 - __main__ - ERROR - USBJSONReader error: [Errno 2] could not open port /dev/ttyACM0: [Errno 2] No such file or directory: '/dev/ttyACM0'
2025-10-16 15:39:20,855 - __main__ - ERROR - USBJSONReader error: [Errno 2] could not open port /dev/ttyACM0: [Errno 2] No such file or directory: '/dev/ttyACM0'
2025-10-16 15:39:21,856 - __main__ - ERROR - USBJSONReader error: [Errno 2] could not open port /dev/ttyACM0: [Errno 2] No such file or directory: '/dev/ttyACM0'
2025-10-16 15:39:22,857 - __main__ - ERROR - USBJSONReader error: [Errno 2] could not open port /dev/ttyACM0: [Errno 2] No such file or directory: '/dev/ttyACM0'
2025-10-16 15:39:23,858 - __main__ - ERROR - USBJSONReader error: [Errno 2] could not open port /dev/ttyACM0: [Errno 2] No such file or directory: '/dev/ttyACM0'
2025-10-16 15:39:24,859 - __main__ - ERROR - USBJSONReader error: [Errno 2] could not open port /dev/ttyACM0: [Errno 2] No such file or directory: '/dev/ttyACM0'
2025-10-16 15:39:25,860 - __main__ - ERROR - USBJSONReader error: [Errno 2] could not open port /dev/ttyACM0: [Errno 2] No such file or directory: '/dev/ttyACM0'
2025-10-16 15:39:26,861 - __main__ - ERROR - USBJSONReader error: [Errno 2] could not open port /dev/ttyACM0: [Errno 2] No such file or directory: '/dev/ttyACM0'
2025-10-16 15:39:27,861 - __main__ - ERROR - USBJSONReader error: [Errno 2] could not open port /dev/ttyACM0: [Errno 2] No such file or directory: '/dev/ttyACM0'
2025-10-16 15:39:28,862 - __main__ - ERROR - USBJSONReader error: [Errno 2] could not open port /dev/ttyACM0: [Errno 2] No such file or directory: '/dev/ttyACM0'
2025-10-16 15:39:29,863 - __main__ - ERROR - USBJSONReader error: [Errno 2] could not open port /dev/ttyACM0: [Errno 2] No such file or directory: '/dev/ttyACM0'
2025-10-16 15:39:30,864 - __main__ - ERROR - USBJSONReader error: [Errno 2] could not open port /dev/ttyACM0: [Errno 2] No such file or directory: '/dev/ttyACM0'
2025-10-16 15:39:31,864 - __main__ - ERROR - USBJSONReader error: [Errno 2] could not open port /dev/ttyACM0: [Errno 2] No such file or directory: '/dev/ttyACM0'
2025-10-16 15:39:32,865 - __main__ - ERROR - USBJSONReader error: [Errno 2] could not open port /dev/ttyACM0: [Errno 2] No such file or directory: '/dev/ttyACM0'
2025-10-16 15:39:33,866 - __main__ - ERROR - USBJSONReader error: [Errno 2] could not open port /dev/ttyACM0: [Errno 2] No such file or directory: '/dev/ttyACM0'
2025-10-16 15:39:34,867 - __main__ - ERROR - USBJSONReader error: [Errno 2] could not open port /dev/ttyACM0: [Errno 2] No such file or directory: '/dev/ttyACM0'
2025-10-16 15:39:35,868 - __main__ - ERROR - USBJSONReader error: [Errno 2] could not open port /dev/ttyACM0: [Errno 2] No such file or directory: '/dev/ttyACM0'
2025-10-16 15:39:36,869 - __main__ - ERROR - USBJSONReader error: [Errno 2] could not open port /dev/ttyACM0: [Errno 2] No such file or directory: '/dev/ttyACM0'
2025-10-16 15:39:37,870 - __main__ - ERROR - USBJSONReader error: [Errno 2] could not open port /dev/ttyACM0: [Errno 2] No such file or directory: '/dev/ttyACM0'
2025-10-16 15:39:38,871 - __main__ - ERROR - USBJSONReader error: [Errno 2] could not open port /dev/ttyACM0: [Errno 2] No such file or directory: '/dev/ttyACM0'
2025-10-16 15:39:39,872 - __main__ - ERROR - USBJSONReader error: [Errno 2] could not open port /dev/ttyACM0: [Errno 2] No such file or directory: '/dev/ttyACM0'
2025-10-16 15:39:40,873 - __main__ - ERROR - USBJSONReader error: [Errno 2] could not open port /dev/ttyACM0: [Errno 2] No such file or directory: '/dev/ttyACM0'
2025-10-16 15:39:41,874 - __main__ - ERROR - USBJSONReader error: [Errno 2] could not open port /dev/ttyACM0: [Errno 2] No such file or directory: '/dev/ttyACM0'
2025-10-16 15:39:42,874 - __main__ - ERROR - USBJSONReader error: [Errno 2] could not open port /dev/ttyACM0: [Errno 2] No such file or directory: '/dev/ttyACM0'
2025-10-16 15:39:43,876 - __main__ - ERROR - USBJSONReader error: [Errno 2] could not open port /dev/ttyACM0: [Errno 2] No such file or directory: '/dev/ttyACM0'
2025-10-16 15:39:44,877 - __main__ - ERROR - USBJSONReader error: [Errno 2] could not open port /dev/ttyACM0: [Errno 2] No such file or directory: '/dev/ttyACM0'
2025-10-16 15:39:45,878 - __main__ - ERROR - USBJSONReader error: [Errno 2] could not open port /dev/ttyACM0: [Errno 2] No such file or directory: '/dev/ttyACM0'
2025-10-16 15:39:46,879 - __main__ - ERROR - USBJSONReader error: [Errno 2] could not open port /dev/ttyACM0: [Errno 2] No such file or directory: '/dev/ttyACM0'
2025-10-16 15:39:47,880 - __main__ - ERROR - USBJSONReader error: [Errno 2] could not open port /dev/ttyACM0: [Errno 2] No such file or directory: '/dev/ttyACM0'
2025-10-16 15:39:48,881 - __main__ - ERROR - USBJSONReader error: [Errno 2] could not open port /dev/ttyACM0: [Errno 2] No such file or directory: '/dev/ttyACM0'
2025-10-16 15:39:49,882 - __main__ - ERROR - USBJSONReader error: [Errno 2] could not open port /dev/ttyACM0: [Errno 2] No such file or directory: '/dev/ttyACM0'
2025-10-16 15:39:50,882 - __main__ - ERROR - USBJSONReader error: [Errno 2] could not open port /dev/ttyACM0: [Errno 2] No such file or directory: '/dev/ttyACM0'
2025-10-16 15:39:51,883 - __main__ - ERROR - USBJSONReader error: [Errno 2] could not open port /dev/ttyACM0: [Errno 2] No such file or directory: '/dev/ttyACM0'
2025-10-16 15:39:52,884 - __main__ - ERROR - USBJSONReader error: [Errno 2] could not open port /dev/ttyACM0: [Errno 2] No such file or directory: '/dev/ttyACM0'
2025-10-16 15:39:53,885 - __main__ - ERROR - USBJSONReader error: [Errno 2] could not open port /dev/ttyACM0: [Errno 2] No such file or directory: '/dev/ttyACM0'
2025-10-16 15:39:54,886 - __main__ - ERROR - USBJSONReader error: [Errno 2] could not open port /dev/ttyACM0: [Errno 2] No such file or directory: '/dev/ttyACM0'
2025-10-16 15:39:55,887 - __main__ - ERROR - USBJSONReader error: [Errno 2] could not open port /dev/ttyACM0: [Errno 2] No such file or directory: '/dev/ttyACM0'
2025-10-16 15:39:56,888 - __main__ - ERROR - USBJSONReader error: [Errno 2] could not open port /dev/ttyACM0: [Errno 2] No such file or directory: '/dev/ttyACM0'
2025-10-16 15:39:57,888 - __main__ - ERROR - USBJSONReader error: [Errno 2] could not open port /dev/ttyACM0: [Errno 2] No such file or directory: '/dev/ttyACM0'
2025-10-16 15:39:58,889 - __main__ - ERROR - USBJSONReader error: [Errno 2] could not open port /dev/ttyACM0: [Errno 2] No such file or directory: '/dev/ttyACM0'
2025-10-16 15:39:59,890 - __main__ - ERROR - USBJSONReader error: [Errno 2] could not open port /dev/ttyACM0: [Errno 2] No such file or directory: '/dev/ttyACM0'
2025-10-16 15:40:00,891 - __main__ - ERROR - USBJSONReader error: [Errno 2] could not open port /dev/ttyACM0: [Errno 2] No such file or directory: '/dev/ttyACM0'
2025-10-16 15:40:01,892 - __main__ - ERROR - USBJSONReader error: [Errno 2] could not open port /dev/ttyACM0: [Errno 2] No such file or directory: '/dev/ttyACM0'
2025-10-16 15:40:02,893 - __main__ - ERROR - USBJSONReader error: [Errno 2] could not open port /dev/ttyACM0: [Errno 2] No such file or directory: '/dev/ttyACM0'
2025-10-16 15:40:03,894 - __main__ - ERROR - USBJSONReader error: [Errno 2] could not open port /dev/ttyACM0: [Errno 2] No such file or directory: '/dev/ttyACM0'
2025-10-16 15:40:04,895 - __main__ - ERROR - USBJSONReader error: [Errno 2] could not open port /dev/ttyACM0: [Errno 2] No such file or directory: '/dev/ttyACM0'
2025-10-16 15:40:05,895 - __main__ - ERROR - USBJSONReader error: [Errno 2] could not open port /dev/ttyACM0: [Errno 2] No such file or directory: '/dev/ttyACM0'
2025-10-16 15:40:06,896 - __main__ - ERROR - USBJSONReader error: [Errno 2] could not open port /dev/ttyACM0: [Errno 2] No such file or directory: '/dev/ttyACM0'
2025-10-16 15:40:07,897 - __main__ - ERROR - USBJSONReader error: [Errno 2] could not open port /dev/ttyACM0: [Errno 2] No such file or directory: '/dev/ttyACM0'
2025-10-16 15:40:08,898 - __main__ - ERROR - USBJSONReader error: [Errno 2] could not open port /dev/ttyACM0: [Errno 2] No such file or directory: '/dev/ttyACM0'
2025-10-16 15:40:09,899 - __main__ - ERROR - USBJSONReader error: [Errno 2] could not open port /dev/ttyACM0: [Errno 2] No such file or directory: '/dev/ttyACM0'
2025-10-16 15:40:10,900 - __main__ - ERROR - USBJSONReader error: [Errno 2] could not open port /dev/ttyACM0: [Errno 2] No such file or directory: '/dev/ttyACM0'
2025-10-16 15:40:11,901 - __main__ - ERROR - USBJSONReader error: [Errno 2] could not open port /dev/ttyACM0: [Errno 2] No such file or directory: '/dev/ttyACM0'
2025-10-16 15:40:12,902 - __main__ - ERROR - USBJSONReader error: [Errno 2] could not open port /dev/ttyACM0: [Errno 2] No such file or directory: '/dev/ttyACM0'
2025-10-16 15:40:13,903 - __main__ - ERROR - USBJSONReader error: [Errno 2] could not open port /dev/ttyACM0: [Errno 2] No such file or directory: '/dev/ttyACM0'
2025-10-16 15:40:14,904 - __main__ - ERROR - USBJSONReader error: [Errno 2] could not open port /dev/ttyACM0: [Errno 2] No such file or directory: '/dev/ttyACM0'
2025-10-16 15:40:15,905 - __main__ - ERROR - USBJSONReader error: [Errno 2] could not open port /dev/ttyACM0: [Errno 2] No such file or directory: '/dev/ttyACM0'
2025-10-16 15:40:16,906 - __main__ - ERROR - USBJSONReader error: [Errno 2] could not open port /dev/ttyACM0: [Errno 2] No such file or directory: '/dev/ttyACM0'
2025-10-16 15:40:17,906 - __main__ - ERROR - USBJSONReader error: [Errno 2] could not open port /dev/ttyACM0: [Errno 2] No such file or directory: '/dev/ttyACM0'
2025-10-16 15:40:18,907 - __main__ - ERROR - USBJSONReader error: [Errno 2] could not open port /dev/ttyACM0: [Errno 2] No such file or directory: '/dev/ttyACM0'
2025-10-16 15:40:19,908 - __main__ - ERROR - USBJSONReader error: [Errno 2] could not open port /dev/ttyACM0: [Errno 2] No such file or directory: '/dev/ttyACM0'
2025-10-16 15:40:20,909 - __main__ - ERROR - USBJSONReader error: [Errno 2] could not open port /dev/ttyACM0: [Errno 2] No such file or directory: '/dev/ttyACM0'
2025-10-16 15:40:21,910 - __main__ - ERROR - USBJSONReader error: [Errno 2] could not open port /dev/ttyACM0: [Errno 2] No such file or directory: '/dev/ttyACM0'
2025-10-16 15:40:22,911 - __main__ - ERROR - USBJSONReader error: [Errno 2] could not open port /dev/ttyACM0: [Errno 2] No such file or directory: '/dev/ttyACM0'
2025-10-16 15:40:23,912 - __main__ - ERROR - USBJSONReader error: [Errno 2] could not open port /dev/ttyACM0: [Errno 2] No such file or directory: '/dev/ttyACM0'
2025-10-16 15:40:24,912 - __main__ - ERROR - USBJSONReader error: [Errno 2] could not open port /dev/ttyACM0: [Errno 2] No such file or directory: '/dev/ttyACM0'
2025-10-16 15:40:25,913 - __main__ - ERROR - USBJSONReader error: [Errno 2] could not open port /dev/ttyACM0: [Errno 2] No such file or directory: '/dev/ttyACM0'
2025-10-16 15:40:26,914 - __main__ - ERROR - USBJSONReader error: [Errno 2] could not open port /dev/ttyACM0: [Errno 2] No such file or directory: '/dev/ttyACM0'
2025-10-16 15:40:27,915 - __main__ - ERROR - USBJSONReader error: [Errno 2] could not open port /dev/ttyACM0: [Errno 2] No such file or directory: '/dev/ttyACM0'
2025-10-16 15:40:28,916 - __main__ - ERROR - USBJSONReader error: [Errno 2] could not open port /dev/ttyACM0: [Errno 2] No such file or directory: '/dev/ttyACM0'
2025-10-16 15:40:29,917 - __main__ - ERROR - USBJSONReader error: [Errno 2] could not open port /dev/ttyACM0: [Errno 2] No such file or directory: '/dev/ttyACM0'
2025-10-16 15:40:30,918 - __main__ - ERROR - USBJSONReader error: [Errno 2] could not open port /dev/ttyACM0: [Errno 2] No such file or directory: '/dev/ttyACM0'
2025-10-16 15:40:31,918 - __main__ - ERROR - USBJSONReader error: [Errno 2] could not open port /dev/ttyACM0: [Errno 2] No such file or directory: '/dev/ttyACM0'
2025-10-16 15:40:32,919 - __main__ - ERROR - USBJSONReader error: [Errno 2] could not open port /dev/ttyACM0: [Errno 2] No such file or directory: '/dev/ttyACM0'
2025-10-16 15:40:33,920 - __main__ - ERROR - USBJSONReader error: [Errno 2] could not open port /dev/ttyACM0: [Errno 2] No such file or directory: '/dev/ttyACM0'
2025-10-16 15:40:34,921 - __main__ - ERROR - USBJSONReader error: [Errno 2] could not open port /dev/ttyACM0: [Errno 2] No such file or directory: '/dev/ttyACM0'
2025-10-16 15:40:35,922 - __main__ - ERROR - USBJSONReader error: [Errno 2] could not open port /dev/ttyACM0: [Errno 2] No such file or directory: '/dev/ttyACM0'
2025-10-16 15:40:36,923 - __main__ - ERROR - USBJSONReader error: [Errno 2] could not open port /dev/ttyACM0: [Errno 2] No such file or directory: '/dev/ttyACM0'
2025-10-16 15:40:37,924 - __main__ - ERROR - USBJSONReader error: [Errno 2] could not open port /dev/ttyACM0: [Errno 2] No such file or directory: '/dev/ttyACM0'
2025-10-16 15:40:38,925 - __main__ - ERROR - USBJSONReader error: [Errno 2] could not open port /dev/ttyACM0: [Errno 2] No such file or directory: '/dev/ttyACM0'
2025-10-16 15:40:39,926 - __main__ - ERROR - USBJSONReader error: [Errno 2] could not open port /dev/ttyACM0: [Errno 2] No such file or directory: '/dev/ttyACM0'
2025-10-16 15:40:40,927 - __main__ - ERROR - USBJSONReader error: [Errno 2] could not open port /dev/ttyACM0: [Errno 2] No such file or directory: '/dev/ttyACM0'
2025-10-16 15:40:41,928 - __main__ - ERROR - USBJSONReader error: [Errno 2] could not open port /dev/ttyACM0: [Errno 2] No such file or directory: '/dev/ttyACM0'
2025-10-16 15:40:42,929 - __main__ - ERROR - USBJSONReader error: [Errno 2] could not open port /dev/ttyACM0: [Errno 2] No such file or directory: '/dev/ttyACM0'
2025-10-16 15:40:43,930 - __main__ - ERROR - USBJSONReader error: [Errno 2] could not open port /dev/ttyACM0: [Errno 2] No such file or directory: '/dev/ttyACM0'
2025-10-16 15:40:44,931 - __main__ - ERROR - USBJSONReader error: [Errno 2] could not open port /dev/ttyACM0: [Errno 2] No such file or directory: '/dev/ttyACM0'
2025-10-16 15:41:02,455 - __main__ - ERROR - Webcam capture failed: HTTPConnectionPool(host='192.168.50.3', port=80): Max retries exceeded with url: /snapshot (Caused by NewConnectionError('<urllib3.connection.HTTPConnection object at 0x72e4b039e3f0>: Failed to establish a new connection: [Errno 113] No route to host'))
2025-10-16 15:41:09,175 - __main__ - ERROR - Webcam capture failed: HTTPConnectionPool(host='192.168.50.3', port=80): Max retries exceeded with url: /snapshot (Caused by NewConnectionError('<urllib3.connection.HTTPConnection object at 0x72e4b048b530>: Failed to establish a new connection: [Errno 113] No route to host'))
2025-10-16 16:22:56,119 - __main__ - ERROR - Webcam capture failed: HTTPConnectionPool(host='192.168.50.3', port=80): Max retries exceeded with url: /snapshot (Caused by NewConnectionError('<urllib3.connection.HTTPConnection object at 0x72e4b05133b0>: Failed to establish a new connection: [Errno 113] No route to host'))
2025-10-16 16:23:04,631 - __main__ - ERROR - Webcam capture failed: HTTPConnectionPool(host='192.168.50.3', port=80): Max retries exceeded with url: /snapshot (Caused by NewConnectionError('<urllib3.connection.HTTPConnection object at 0x72e4b046e1b0>: Failed to establish a new connection: [Errno 113] No route to host'))
2025-10-16 16:34:35,447 - __main__ - ERROR - Webcam capture failed: HTTPConnectionPool(host='192.168.50.3', port=80): Max retries exceeded with url: /snapshot (Caused by NewConnectionError('<urllib3.connection.HTTPConnection object at 0x7a8af83f3380>: Failed to establish a new connection: [Errno 113] No route to host'))
2025-10-16 16:36:35,831 - __main__ - ERROR - Webcam capture failed: HTTPConnectionPool(host='192.168.50.3', port=80): Max retries exceeded with url: /snapshot (Caused by NewConnectionError('<urllib3.connection.HTTPConnection object at 0x7128a8377da0>: Failed to establish a new connection: [Errno 113] No route to host'))
2025-10-16 16:39:22,679 - __main__ - ERROR - Webcam capture failed: HTTPConnectionPool(host='192.168.50.3', port=80): Max retries exceeded with url: /snapshot (Caused by NewConnectionError('<urllib3.connection.HTTPConnection object at 0x728e14e47bc0>: Failed to establish a new connection: [Errno 113] No route to host'))
2025-10-16 16:43:05,464 - __main__ - ERROR - Webcam capture failed: HTTPConnectionPool(host='192.168.50.3', port=80): Max retries exceeded with url: /snapshot (Caused by NewConnectionError('<urllib3.connection.HTTPConnection object at 0x728e18a59be0>: Failed to establish a new connection: [Errno 113] No route to host'))
2025-10-16 16:46:22,263 - __main__ - ERROR - Webcam capture failed: HTTPConnectionPool(host='192.168.50.3', port=80): Max retries exceeded with url: /snapshot (Caused by NewConnectionError('<urllib3.connection.HTTPConnection object at 0x728e14dd4620>: Failed to establish a new connection: [Errno 113] No route to host'))
2025-10-16 16:46:44,855 - __main__ - ERROR - Webcam capture failed: HTTPConnectionPool(host='192.168.50.3', port=80): Max retries exceeded with url: /snapshot (Caused by NewConnectionError('<urllib3.connection.HTTPConnection object at 0x728e14dfb080>: Failed to establish a new connection: [Errno 113] No route to host'))
2025-10-16 16:47:34,007 - __main__ - ERROR - Webcam capture failed: HTTPConnectionPool(host='192.168.50.3', port=80): Max retries exceeded with url: /snapshot (Caused by NewConnectionError('<urllib3.connection.HTTPConnection object at 0x728e14dd6900>: Failed to establish a new connection: [Errno 113] No route to host'))
2025-10-16 16:49:00,279 - __main__ - ERROR - Webcam capture failed: HTTPConnectionPool(host='192.168.50.3', port=80): Max retries exceeded with url: /snapshot (Caused by NewConnectionError('<urllib3.connection.HTTPConnection object at 0x728e14d80800>: Failed to establish a new connection: [Errno 113] No route to host'))
2025-10-16 16:49:30,616 - __main__ - ERROR - Webcam capture failed: HTTPConnectionPool(host='192.168.50.3', port=80): Max retries exceeded with url: /snapshot (Caused by NewConnectionError('<urllib3.connection.HTTPConnection object at 0x728e14dd5100>: Failed to establish a new connection: [Errno 113] No route to host'))
